<?xml version="1.0" encoding="UTF-8"?>
<!-- Generated by org.testng.reporters.JUnitXMLReporter -->
<testsuite ignored="0" hostname="Windows10" failures="0" tests="10" name="Surefire test" time="51.974" errors="0" timestamp="2023-11-17T20:40:14 PKT">
  <testcase classname="api.test.DDTests" name="testPostUser" time="3.809"/>
  <testcase classname="api.test.DDTests" name="testPostUser" time="0.838"/>
  <testcase classname="api.test.DDTests" name="testPostUser" time="0.822"/>
  <testcase classname="api.test.DDTests" name="testDeleteUser" time="0.844"/>
  <testcase classname="api.test.DDTests" name="testDeleteUser" time="0.819"/>
  <testcase classname="api.test.DDTests" name="testDeleteUser" time="0.804"/>
  <testcase classname="api.test.UserTests" name="testPostUser" time="0.863"/>
  <testcase classname="api.test.UserTests" name="testGetUserByName" time="0.857"/>
  <testcase classname="api.test.UserTests" name="testUpdateUserByName" time="1.631"/>
  <testcase classname="api.test.UserTests" name="testDeleteUser" time="37.605"/>
</testsuite> <!-- Surefire test -->
