<?xml version="1.0" encoding="UTF-8"?>
<!-- Generated by org.testng.reporters.JUnitXMLReporter -->
<testsuite ignored="0" hostname="Windows10" failures="0" tests="6" name="Default test" time="12.679" errors="0" timestamp="2023-11-15T16:14:01 PKT">
  <testcase classname="api.test.DDTests" name="testPostUser" time="3.91"/>
  <testcase classname="api.test.DDTests" name="testPostUser" time="1.269"/>
  <testcase classname="api.test.DDTests" name="testPostUser" time="1.326"/>
  <testcase classname="api.test.DDTests" name="testDeleteUser" time="1.38"/>
  <testcase classname="api.test.DDTests" name="testDeleteUser" time="1.307"/>
  <testcase classname="api.test.DDTests" name="testDeleteUser" time="1.294"/>
</testsuite> <!-- Default test -->
