<?xml version="1.0" encoding="UTF-8"?>
<testng-results ignored="0" total="4" passed="4" failed="0" skipped="0">
  <reporter-output>
  </reporter-output>
  <suite started-at="2023-11-17T21:15:52 PKT" name="PetSuite" finished-at="2023-11-17T21:16:01 PKT" duration-ms="9485">
    <groups>
    </groups>
    <test started-at="2023-11-17T21:15:52 PKT" name="PetTests" finished-at="2023-11-17T21:16:01 PKT" duration-ms="9485">
      <class name="api.test.UserTests2">
        <test-method is-config="true" signature="setup()[pri:0, instance:api.test.UserTests2@5f058f00]" started-at="2023-11-17T21:15:52 PKT" name="setup" finished-at="2023-11-17T21:15:53 PKT" duration-ms="1118" status="PASS">
          <reporter-output>
          </reporter-output>
        </test-method> <!-- setup -->
        <test-method signature="testPostUser()[pri:1, instance:api.test.UserTests2@5f058f00]" started-at="2023-11-17T21:15:53 PKT" name="testPostUser" finished-at="2023-11-17T21:15:57 PKT" duration-ms="4221" status="PASS">
          <reporter-output>
          </reporter-output>
        </test-method> <!-- testPostUser -->
        <test-method signature="testGetUserByName()[pri:2, instance:api.test.UserTests2@5f058f00]" started-at="2023-11-17T21:15:57 PKT" name="testGetUserByName" finished-at="2023-11-17T21:15:58 PKT" duration-ms="978" status="PASS">
          <reporter-output>
          </reporter-output>
        </test-method> <!-- testGetUserByName -->
        <test-method signature="testUpdateUserByName()[pri:3, instance:api.test.UserTests2@5f058f00]" started-at="2023-11-17T21:15:58 PKT" name="testUpdateUserByName" finished-at="2023-11-17T21:16:00 PKT" duration-ms="1888" status="PASS">
          <reporter-output>
          </reporter-output>
        </test-method> <!-- testUpdateUserByName -->
        <test-method signature="testDeleteUser()[pri:4, instance:api.test.UserTests2@5f058f00]" started-at="2023-11-17T21:16:00 PKT" name="testDeleteUser" finished-at="2023-11-17T21:16:01 PKT" duration-ms="899" status="PASS">
          <reporter-output>
          </reporter-output>
        </test-method> <!-- testDeleteUser -->
      </class> <!-- api.test.UserTests2 -->
    </test> <!-- PetTests -->
  </suite> <!-- PetSuite -->
</testng-results>
