<?xml version="1.0" encoding="UTF-8"?>
<testng-results ignored="0" total="4" passed="4" failed="0" skipped="0">
  <reporter-output>
  </reporter-output>
  <suite started-at="2023-11-20T23:19:46 PKT" name="PetSuite" finished-at="2023-11-20T23:19:56 PKT" duration-ms="10143">
    <groups>
    </groups>
    <test started-at="2023-11-20T23:19:46 PKT" name="PetTests" finished-at="2023-11-20T23:19:56 PKT" duration-ms="10143">
      <class name="api.test.UserTests2">
        <test-method is-config="true" signature="setUp(java.lang.String)[pri:0, instance:api.test.UserTests2@402bba4f]" started-at="2023-11-20T23:19:46 PKT" name="setUp" finished-at="2023-11-20T23:19:46 PKT" duration-ms="8" status="PASS">
          <params>
            <param index="0">
              <value>
                <![CDATA[qa]]>
              </value>
            </param>
          </params>
          <reporter-output>
          </reporter-output>
        </test-method> <!-- setUp -->
        <test-method is-config="true" signature="setup()[pri:0, instance:api.test.UserTests2@402bba4f]" started-at="2023-11-20T23:19:46 PKT" name="setup" finished-at="2023-11-20T23:19:47 PKT" duration-ms="586" status="PASS">
          <reporter-output>
          </reporter-output>
        </test-method> <!-- setup -->
        <test-method signature="testPostUser()[pri:1, instance:api.test.UserTests2@402bba4f]" started-at="2023-11-20T23:19:47 PKT" name="testPostUser" finished-at="2023-11-20T23:19:51 PKT" duration-ms="3828" status="PASS">
          <reporter-output>
          </reporter-output>
        </test-method> <!-- testPostUser -->
        <test-method signature="testGetUserByName()[pri:2, instance:api.test.UserTests2@402bba4f]" started-at="2023-11-20T23:19:51 PKT" name="testGetUserByName" finished-at="2023-11-20T23:19:52 PKT" duration-ms="1348" status="PASS">
          <reporter-output>
          </reporter-output>
        </test-method> <!-- testGetUserByName -->
        <test-method signature="testUpdateUserByName()[pri:3, instance:api.test.UserTests2@402bba4f]" started-at="2023-11-20T23:19:52 PKT" name="testUpdateUserByName" finished-at="2023-11-20T23:19:54 PKT" duration-ms="1969" status="PASS">
          <reporter-output>
          </reporter-output>
        </test-method> <!-- testUpdateUserByName -->
        <test-method signature="testDeleteUser()[pri:4, instance:api.test.UserTests2@402bba4f]" started-at="2023-11-20T23:19:54 PKT" name="testDeleteUser" finished-at="2023-11-20T23:19:56 PKT" duration-ms="2214" status="PASS">
          <reporter-output>
          </reporter-output>
        </test-method> <!-- testDeleteUser -->
      </class> <!-- api.test.UserTests2 -->
    </test> <!-- PetTests -->
  </suite> <!-- PetSuite -->
</testng-results>
