<?xml version="1.0" encoding="UTF-8"?>
<testng-results ignored="0" total="4" passed="4" failed="0" skipped="0">
  <reporter-output>
  </reporter-output>
  <suite started-at="2023-11-18T01:34:12 PKT" name="PetSuite" finished-at="2023-11-18T01:34:20 PKT" duration-ms="8538">
    <groups>
    </groups>
    <test started-at="2023-11-18T01:34:12 PKT" name="PetTests" finished-at="2023-11-18T01:34:20 PKT" duration-ms="8538">
      <class name="api.test.UserTests2">
        <test-method is-config="true" signature="setup()[pri:0, instance:api.test.UserTests2@6f1de4c7]" started-at="2023-11-18T01:34:12 PKT" name="setup" finished-at="2023-11-18T01:34:13 PKT" duration-ms="613" status="PASS">
          <reporter-output>
          </reporter-output>
        </test-method> <!-- setup -->
        <test-method signature="testPostUser()[pri:1, instance:api.test.UserTests2@6f1de4c7]" started-at="2023-11-18T01:34:13 PKT" name="testPostUser" finished-at="2023-11-18T01:34:16 PKT" duration-ms="3218" status="PASS">
          <reporter-output>
          </reporter-output>
        </test-method> <!-- testPostUser -->
        <test-method signature="testGetUserByName()[pri:2, instance:api.test.UserTests2@6f1de4c7]" started-at="2023-11-18T01:34:16 PKT" name="testGetUserByName" finished-at="2023-11-18T01:34:17 PKT" duration-ms="1000" status="PASS">
          <reporter-output>
          </reporter-output>
        </test-method> <!-- testGetUserByName -->
        <test-method signature="testUpdateUserByName()[pri:3, instance:api.test.UserTests2@6f1de4c7]" started-at="2023-11-18T01:34:17 PKT" name="testUpdateUserByName" finished-at="2023-11-18T01:34:19 PKT" duration-ms="1698" status="PASS">
          <reporter-output>
          </reporter-output>
        </test-method> <!-- testUpdateUserByName -->
        <test-method signature="testDeleteUser()[pri:4, instance:api.test.UserTests2@6f1de4c7]" started-at="2023-11-18T01:34:19 PKT" name="testDeleteUser" finished-at="2023-11-18T01:34:20 PKT" duration-ms="1755" status="PASS">
          <reporter-output>
          </reporter-output>
        </test-method> <!-- testDeleteUser -->
      </class> <!-- api.test.UserTests2 -->
    </test> <!-- PetTests -->
  </suite> <!-- PetSuite -->
</testng-results>
