<?xml version="1.0" encoding="UTF-8"?>
<testng-results ignored="0" total="4" passed="4" failed="0" skipped="0">
  <reporter-output>
  </reporter-output>
  <suite started-at="2023-11-17T20:16:14 PKT" name="PetSuite" finished-at="2023-11-17T20:16:23 PKT" duration-ms="8306">
    <groups>
    </groups>
    <test started-at="2023-11-17T20:16:14 PKT" name="PetTests" finished-at="2023-11-17T20:16:23 PKT" duration-ms="8306">
      <class name="api.test.UserTests2">
        <test-method is-config="true" signature="setup()[pri:0, instance:api.test.UserTests2@6f1de4c7]" started-at="2023-11-17T20:16:15 PKT" name="setup" finished-at="2023-11-17T20:16:16 PKT" duration-ms="1002" status="PASS">
          <reporter-output>
          </reporter-output>
        </test-method> <!-- setup -->
        <test-method signature="testPostUser()[pri:1, instance:api.test.UserTests2@6f1de4c7]" started-at="2023-11-17T20:16:16 PKT" name="testPostUser" finished-at="2023-11-17T20:16:19 PKT" duration-ms="3477" status="PASS">
          <reporter-output>
          </reporter-output>
        </test-method> <!-- testPostUser -->
        <test-method signature="testGetUserByName()[pri:2, instance:api.test.UserTests2@6f1de4c7]" started-at="2023-11-17T20:16:19 PKT" name="testGetUserByName" finished-at="2023-11-17T20:16:20 PKT" duration-ms="914" status="PASS">
          <reporter-output>
          </reporter-output>
        </test-method> <!-- testGetUserByName -->
        <test-method signature="testUpdateUserByName()[pri:3, instance:api.test.UserTests2@6f1de4c7]" started-at="2023-11-17T20:16:20 PKT" name="testUpdateUserByName" finished-at="2023-11-17T20:16:22 PKT" duration-ms="1664" status="PASS">
          <reporter-output>
          </reporter-output>
        </test-method> <!-- testUpdateUserByName -->
        <test-method signature="testDeleteUser()[pri:4, instance:api.test.UserTests2@6f1de4c7]" started-at="2023-11-17T20:16:22 PKT" name="testDeleteUser" finished-at="2023-11-17T20:16:23 PKT" duration-ms="839" status="PASS">
          <reporter-output>
          </reporter-output>
        </test-method> <!-- testDeleteUser -->
      </class> <!-- api.test.UserTests2 -->
    </test> <!-- PetTests -->
  </suite> <!-- PetSuite -->
</testng-results>
